<?xml version="1.0" encoding="UTF-8"?>
<testng-results ignored="0" total="2" passed="2" failed="0" skipped="0">
  <reporter-output>
  </reporter-output>
  <suite started-at="2021-05-05T14:48:12Z" name="Default suite" finished-at="2021-05-05T14:50:35Z" duration-ms="142530">
    <groups>
    </groups>
    <test started-at="2021-05-05T14:48:12Z" name="Default test" finished-at="2021-05-05T14:50:35Z" duration-ms="142530">
      <class name="org.letcode.test.TC001Login">
        <test-method is-config="true" signature="setData()[pri:0, instance:org.letcode.test.TC001Login@865dd6]" started-at="2021-05-05T14:48:12Z" name="setData" finished-at="2021-05-05T14:48:39Z" duration-ms="26828" status="PASS">
          <reporter-output>
          </reporter-output>
        </test-method> <!-- setData -->
        <test-method is-config="true" signature="startApp()[pri:0, instance:org.letcode.test.TC001Login@865dd6]" started-at="2021-05-05T14:49:04Z" name="startApp" finished-at="2021-05-05T14:49:24Z" duration-ms="20422" status="PASS">
          <reporter-output>
          </reporter-output>
        </test-method> <!-- startApp -->
        <test-method signature="loginTest([Ljava.lang.String;)[pri:0, instance:org.letcode.test.TC001Login@865dd6]" started-at="2021-05-05T14:49:24Z" name="loginTest" data-provider="data" finished-at="2021-05-05T14:49:45Z" duration-ms="20913" status="PASS">
          <params>
            <param index="0">
              <value>
                <![CDATA[[Ljava.lang.String;@7b78ed6a]]>
              </value>
            </param>
          </params>
          <reporter-output>
          </reporter-output>
        </test-method> <!-- loginTest -->
        <test-method is-config="true" signature="closeApp()[pri:0, instance:org.letcode.test.TC001Login@865dd6]" started-at="2021-05-05T14:49:45Z" name="closeApp" finished-at="2021-05-05T14:49:57Z" duration-ms="11718" status="PASS">
          <reporter-output>
          </reporter-output>
        </test-method> <!-- closeApp -->
        <test-method is-config="true" signature="startApp()[pri:0, instance:org.letcode.test.TC001Login@865dd6]" started-at="2021-05-05T14:49:57Z" name="startApp" finished-at="2021-05-05T14:50:19Z" duration-ms="22456" status="PASS">
          <reporter-output>
          </reporter-output>
        </test-method> <!-- startApp -->
        <test-method signature="loginTest([Ljava.lang.String;)[pri:0, instance:org.letcode.test.TC001Login@865dd6]" started-at="2021-05-05T14:50:19Z" name="loginTest" data-provider="data" finished-at="2021-05-05T14:50:31Z" duration-ms="11559" status="PASS">
          <params>
            <param index="0">
              <value>
                <![CDATA[[Ljava.lang.String;@6fca5907]]>
              </value>
            </param>
          </params>
          <reporter-output>
          </reporter-output>
        </test-method> <!-- loginTest -->
        <test-method is-config="true" signature="closeApp()[pri:0, instance:org.letcode.test.TC001Login@865dd6]" started-at="2021-05-05T14:50:31Z" name="closeApp" finished-at="2021-05-05T14:50:35Z" duration-ms="3936" status="PASS">
          <reporter-output>
          </reporter-output>
        </test-method> <!-- closeApp -->
      </class> <!-- org.letcode.test.TC001Login -->
    </test> <!-- Default test -->
  </suite> <!-- Default suite -->
</testng-results>
